c:\users\kevin\desktop\metinpythonlib-walkerpath\metinpythonlib\release\exlib.pch
c:\users\kevin\desktop\metinpythonlib-walkerpath\metinpythonlib\release\vc142.pdb
c:\users\kevin\desktop\metinpythonlib-walkerpath\metinpythonlib\release\stdafx.obj
c:\users\kevin\desktop\metinpythonlib-walkerpath\metinpythonlib\release\sleepfunctionhook.obj
c:\users\kevin\desktop\metinpythonlib-walkerpath\metinpythonlib\release\returnhook.obj
c:\users\kevin\desktop\metinpythonlib-walkerpath\metinpythonlib\release\pythonutils.obj
c:\users\kevin\desktop\metinpythonlib-walkerpath\metinpythonlib\release\pythonmodule.obj
c:\users\kevin\desktop\metinpythonlib-walkerpath\metinpythonlib\release\memory.obj
c:\users\kevin\desktop\metinpythonlib-walkerpath\metinpythonlib\release\mapcollision.obj
c:\users\kevin\desktop\metinpythonlib-walkerpath\metinpythonlib\release\main.obj
c:\users\kevin\desktop\metinpythonlib-walkerpath\metinpythonlib\release\jmpstartfunchook.obj
c:\users\kevin\desktop\metinpythonlib-walkerpath\metinpythonlib\release\jmpmidfunchook.obj
c:\users\kevin\desktop\metinpythonlib-walkerpath\metinpythonlib\release\hook.obj
c:\users\kevin\desktop\metinpythonlib-walkerpath\metinpythonlib\release\player.obj
c:\users\kevin\desktop\metinpythonlib-walkerpath\metinpythonlib\release\networkstream.obj
c:\users\kevin\desktop\metinpythonlib-walkerpath\metinpythonlib\release\memorypatch.obj
c:\users\kevin\desktop\metinpythonlib-walkerpath\metinpythonlib\release\instancemanager.obj
c:\users\kevin\desktop\metinpythonlib-walkerpath\metinpythonlib\release\caddressloader.obj
c:\users\kevin\desktop\metinpythonlib-walkerpath\metinpythonlib\release\background.obj
c:\users\kevin\desktop\metinpythonlib-walkerpath\metinpythonlib\release\assembler.obj
c:\users\kevin\desktop\metinpythonlib-walkerpath\metinpythonlib\release\app.obj
c:\users\kevin\desktop\metinpythonlib-walkerpath\metinpythonlib\release\utils.obj
c:\users\kevin\desktop\metinpythonlib-walkerpath\metinpythonlib\release\patterns.obj
c:\users\kevin\desktop\metinpythonlib-walkerpath\build\exlib.dll
c:\users\kevin\desktop\metinpythonlib-walkerpath\metinpythonlib\release\exlib.ipdb
c:\users\kevin\desktop\metinpythonlib-walkerpath\metinpythonlib\release\exlib.iobj
c:\users\kevin\desktop\metinpythonlib-walkerpath\metinpythonlib\release\metinpythonlibv2.tlog\cl.command.1.tlog
c:\users\kevin\desktop\metinpythonlib-walkerpath\metinpythonlib\release\metinpythonlibv2.tlog\cl.read.1.tlog
c:\users\kevin\desktop\metinpythonlib-walkerpath\metinpythonlib\release\metinpythonlibv2.tlog\cl.write.1.tlog
c:\users\kevin\desktop\metinpythonlib-walkerpath\metinpythonlib\release\metinpythonlibv2.tlog\link.command.1.tlog
c:\users\kevin\desktop\metinpythonlib-walkerpath\metinpythonlib\release\metinpythonlibv2.tlog\link.read.1.tlog
c:\users\kevin\desktop\metinpythonlib-walkerpath\metinpythonlib\release\metinpythonlibv2.tlog\link.write.1.tlog
